Сборка начата 13.02.2024 19:04:17.
Уровень детализации журнала: Normal.     1>Проект "D:\later github\index.html\ОАИП\main.cpp\oh my god\2sem1laba\lab3-7-2\lab3-7-2.vcxproj" в узле 2 (целевые объекты Build).
     1>PrepareForBuild:
         Создание каталога "x64\Debug\lab3-7-2.tlog\".
       InitializeBuildStatus:
         Создание "x64\Debug\lab3-7-2.tlog\unsuccessfulbuild", так как было задано "AlwaysCreate".
         Обращение к "x64\Debug\lab3-7-2.tlog\unsuccessfulbuild".
       ClCompile:
         C:\Program Files\Microsoft Visual Studio\2022\Community\VC\Tools\MSVC\14.37.32822\bin\HostX64\x64\CL.exe /c /ZI /JMC /nologo /W3 /WX- /diagnostics:column /sdl /Od /D _DEBUG /D _CONSOLE /D _UNICODE /D UNICODE /Gm- /EHsc /RTC1 /MDd /GS /fp:precise /Zc:wchar_t /Zc:forScope /Zc:inline /permissive- /Fo"x64\Debug\\" /Fd"x64\Debug\vc143.pdb" /external:W3 /Gd /TP /FC /errorReport:prompt "lab3-7-2.cpp"
         lab3-7-2.cpp
     1>D:\later github\index.html\ОАИП\main.cpp\oh my god\2sem1laba\lab3-7-2\lab3-7-2.cpp(22,19): error C4996: 'strtok': This function or variable may be unsafe. Consider using strtok_s instead. To disable deprecation, use _CRT_SECURE_NO_WARNINGS. See online help for details.
     1>D:\later github\index.html\ОАИП\main.cpp\oh my god\2sem1laba\lab3-7-2\lab3-7-2.cpp(24,42): error C4996: 'strcpy': This function or variable may be unsafe. Consider using strcpy_s instead. To disable deprecation, use _CRT_SECURE_NO_WARNINGS. See online help for details.
     1>D:\later github\index.html\ОАИП\main.cpp\oh my god\2sem1laba\lab3-7-2\lab3-7-2.cpp(25,17): error C4996: 'strtok': This function or variable may be unsafe. Consider using strtok_s instead. To disable deprecation, use _CRT_SECURE_NO_WARNINGS. See online help for details.
     1>Сборка проекта "D:\later github\index.html\ОАИП\main.cpp\oh my god\2sem1laba\lab3-7-2\lab3-7-2.vcxproj" завершена (целевые объекты Build) с ошибкой.

Ошибка сборки.

       "D:\later github\index.html\ОАИП\main.cpp\oh my god\2sem1laba\lab3-7-2\lab3-7-2.vcxproj" (целевой объект Build ) (1) ->
       (Целевой объект ClCompile) -> 
         D:\later github\index.html\ОАИП\main.cpp\oh my god\2sem1laba\lab3-7-2\lab3-7-2.cpp(22,19): error C4996: 'strtok': This function or variable may be unsafe. Consider using strtok_s instead. To disable deprecation, use _CRT_SECURE_NO_WARNINGS. See online help for details.
         D:\later github\index.html\ОАИП\main.cpp\oh my god\2sem1laba\lab3-7-2\lab3-7-2.cpp(24,42): error C4996: 'strcpy': This function or variable may be unsafe. Consider using strcpy_s instead. To disable deprecation, use _CRT_SECURE_NO_WARNINGS. See online help for details.
         D:\later github\index.html\ОАИП\main.cpp\oh my god\2sem1laba\lab3-7-2\lab3-7-2.cpp(25,17): error C4996: 'strtok': This function or variable may be unsafe. Consider using strtok_s instead. To disable deprecation, use _CRT_SECURE_NO_WARNINGS. See online help for details.

    Предупреждений: 0
    Ошибок: 3

Прошло времени 00:00:01.57
