Сборка начата 01.04.2024 15:15:53.
Уровень детализации журнала: Normal.     1>Проект "D:\later github\index.html\ОАИП\main.cpp\oh my god\lab8-13\lab8-13.vcxproj" в узле 2 (целевые объекты Build).
     1>InitializeBuildStatus:
         Обращение к "x64\Debug\lab8-13.tlog\unsuccessfulbuild".
       ClCompile:
         C:\Program Files\Microsoft Visual Studio\2022\Community\VC\Tools\MSVC\14.37.32822\bin\HostX64\x64\CL.exe /c /ZI /JMC /nologo /W3 /WX- /diagnostics:column /sdl /Od /D _DEBUG /D _CONSOLE /D _UNICODE /D UNICODE /Gm- /EHsc /RTC1 /MDd /GS /fp:precise /Zc:wchar_t /Zc:forScope /Zc:inline /permissive- /Fo"x64\Debug\\" /Fd"x64\Debug\vc143.pdb" /external:W3 /Gd /TP /FC /errorReport:prompt "lab8-13.cpp" Queue.cpp
         lab8-13.cpp
         Queue.cpp
         Создание кода...
       Link:
         C:\Program Files\Microsoft Visual Studio\2022\Community\VC\Tools\MSVC\14.37.32822\bin\HostX64\x64\link.exe /ERRORREPORT:PROMPT /OUT:"D:\later github\index.html\ОАИП\main.cpp\oh my god\lab8-13\x64\Debug\lab8-13.exe" /INCREMENTAL /ILK:"x64\Debug\lab8-13.ilk" /NOLOGO kernel32.lib user32.lib gdi32.lib winspool.lib comdlg32.lib advapi32.lib shell32.lib ole32.lib oleaut32.lib uuid.lib odbc32.lib odbccp32.lib /MANIFEST /MANIFESTUAC:"level='asInvoker' uiAccess='false'" /manifest:embed /DEBUG /PDB:"D:\later github\index.html\ОАИП\main.cpp\oh my god\lab8-13\x64\Debug\lab8-13.pdb" /SUBSYSTEM:CONSOLE /TLBID:1 /DYNAMICBASE /NXCOMPAT /IMPLIB:"D:\later github\index.html\ОАИП\main.cpp\oh my god\lab8-13\x64\Debug\lab8-13.lib" /MACHINE:X64 "x64\Debug\lab8-13.obj"
         x64\Debug\Queue.obj
         lab8-13.vcxproj -> D:\later github\index.html\ОАИП\main.cpp\oh my god\lab8-13\x64\Debug\lab8-13.exe
       FinalizeBuildStatus:
         Файл "x64\Debug\lab8-13.tlog\unsuccessfulbuild" удаляется.
         Обращение к "x64\Debug\lab8-13.tlog\lab8-13.lastbuildstate".
     1>Сборка проекта "D:\later github\index.html\ОАИП\main.cpp\oh my god\lab8-13\lab8-13.vcxproj" завершена (целевые объекты Build).

Сборка успешно завершена.
    Предупреждений: 0
    Ошибок: 0

Прошло времени 00:00:03.28
