Сборка начата 12.02.2024 10:50:35.
Уровень детализации журнала: Normal.     1>Проект "D:\later github\index.html\ОАИП\main.cpp\oh my god\2sem1laba\14var-1\14var-1.vcxproj" в узле 2 (целевые объекты Build).
     1>InitializeBuildStatus:
         Создание "x64\Debug\14var-1.tlog\unsuccessfulbuild", так как было задано "AlwaysCreate".
         Обращение к "x64\Debug\14var-1.tlog\unsuccessfulbuild".
       ClCompile:
         C:\Program Files\Microsoft Visual Studio\2022\Community\VC\Tools\MSVC\14.37.32822\bin\HostX64\x64\CL.exe /c /ZI /JMC /nologo /W3 /WX- /diagnostics:column /sdl /Od /D _DEBUG /D _CONSOLE /D _UNICODE /D UNICODE /Gm- /EHsc /RTC1 /MDd /GS /fp:precise /Zc:wchar_t /Zc:forScope /Zc:inline /permissive- /Fo"x64\Debug\\" /Fd"x64\Debug\vc143.pdb" /external:W3 /Gd /TP /FC /errorReport:prompt "14var-1.cpp"
         14var-1.cpp
     1>D:\later github\index.html\ОАИП\main.cpp\oh my god\2sem1laba\14var-1\14var-1.cpp(9,49): warning C4244: return: преобразование "__int64" в "int", возможна потеря данных
     1>D:\later github\index.html\ОАИП\main.cpp\oh my god\2sem1laba\14var-1\14var-1.cpp(57,36): warning C4267: =: преобразование из "size_t" в "int"; возможна потеря данных
       Link:
         C:\Program Files\Microsoft Visual Studio\2022\Community\VC\Tools\MSVC\14.37.32822\bin\HostX64\x64\link.exe /ERRORREPORT:PROMPT /OUT:"D:\later github\index.html\ОАИП\main.cpp\oh my god\2sem1laba\14var-1\x64\Debug\14var-1.exe" /INCREMENTAL /ILK:"x64\Debug\14var-1.ilk" /NOLOGO kernel32.lib user32.lib gdi32.lib winspool.lib comdlg32.lib advapi32.lib shell32.lib ole32.lib oleaut32.lib uuid.lib odbc32.lib odbccp32.lib /MANIFEST /MANIFESTUAC:"level='asInvoker' uiAccess='false'" /manifest:embed /DEBUG /PDB:"D:\later github\index.html\ОАИП\main.cpp\oh my god\2sem1laba\14var-1\x64\Debug\14var-1.pdb" /SUBSYSTEM:CONSOLE /TLBID:1 /DYNAMICBASE /NXCOMPAT /IMPLIB:"D:\later github\index.html\ОАИП\main.cpp\oh my god\2sem1laba\14var-1\x64\Debug\14var-1.lib" /MACHINE:X64 "x64\Debug\14var-1.obj"
         14var-1.vcxproj -> D:\later github\index.html\ОАИП\main.cpp\oh my god\2sem1laba\14var-1\x64\Debug\14var-1.exe
       FinalizeBuildStatus:
         Файл "x64\Debug\14var-1.tlog\unsuccessfulbuild" удаляется.
         Обращение к "x64\Debug\14var-1.tlog\14var-1.lastbuildstate".
     1>Сборка проекта "D:\later github\index.html\ОАИП\main.cpp\oh my god\2sem1laba\14var-1\14var-1.vcxproj" завершена (целевые объекты Build).

Сборка успешно завершена.

       "D:\later github\index.html\ОАИП\main.cpp\oh my god\2sem1laba\14var-1\14var-1.vcxproj" (целевой объект Build ) (1) ->
       (Целевой объект ClCompile) -> 
         D:\later github\index.html\ОАИП\main.cpp\oh my god\2sem1laba\14var-1\14var-1.cpp(9,49): warning C4244: return: преобразование "__int64" в "int", возможна потеря данных
         D:\later github\index.html\ОАИП\main.cpp\oh my god\2sem1laba\14var-1\14var-1.cpp(57,36): warning C4267: =: преобразование из "size_t" в "int"; возможна потеря данных

    Предупреждений: 2
    Ошибок: 0

Прошло времени 00:00:00.92
